<?xml version="1.0" encoding="UTF-8"?>
<testsuite xmlns:xsi="http://www.w3.org/2001/XMLSchema-instance" xsi:noNamespaceSchemaLocation="https://maven.apache.org/surefire/maven-surefire-plugin/xsd/surefire-test-report-3.0.xsd" version="3.0" name="com.rest.test.MainTest" time="3.513" tests="10" errors="0" skipped="0" failures="0">
  <properties>
    <property name="java.specification.version" value="21"/>
    <property name="sun.cpu.isalist" value="amd64"/>
    <property name="sun.jnu.encoding" value="Cp1252"/>
    <property name="java.class.path" value="C:\rest\RestAssuredTest\target\test-classes;C:\rest\RestAssuredTest\target\classes;C:\Users\suhan\.m2\repository\junit\junit\4.13.2\junit-4.13.2.jar;C:\Users\suhan\.m2\repository\org\hamcrest\hamcrest-core\1.3\hamcrest-core-1.3.jar;C:\Users\suhan\.m2\repository\io\rest-assured\rest-assured\5.3.1\rest-assured-5.3.1.jar;C:\Users\suhan\.m2\repository\org\apache\groovy\groovy\4.0.11\groovy-4.0.11.jar;C:\Users\suhan\.m2\repository\org\apache\groovy\groovy-xml\4.0.11\groovy-xml-4.0.11.jar;C:\Users\suhan\.m2\repository\org\apache\httpcomponents\httpclient\4.5.13\httpclient-4.5.13.jar;C:\Users\suhan\.m2\repository\org\apache\httpcomponents\httpcore\4.4.13\httpcore-4.4.13.jar;C:\Users\suhan\.m2\repository\commons-logging\commons-logging\1.2\commons-logging-1.2.jar;C:\Users\suhan\.m2\repository\commons-codec\commons-codec\1.11\commons-codec-1.11.jar;C:\Users\suhan\.m2\repository\org\apache\httpcomponents\httpmime\4.5.13\httpmime-4.5.13.jar;C:\Users\suhan\.m2\repository\org\hamcrest\hamcrest\2.2\hamcrest-2.2.jar;C:\Users\suhan\.m2\repository\org\ccil\cowan\tagsoup\tagsoup\1.2.1\tagsoup-1.2.1.jar;C:\Users\suhan\.m2\repository\io\rest-assured\json-path\5.3.1\json-path-5.3.1.jar;C:\Users\suhan\.m2\repository\org\apache\groovy\groovy-json\4.0.11\groovy-json-4.0.11.jar;C:\Users\suhan\.m2\repository\io\rest-assured\rest-assured-common\5.3.1\rest-assured-common-5.3.1.jar;C:\Users\suhan\.m2\repository\io\rest-assured\xml-path\5.3.1\xml-path-5.3.1.jar;C:\Users\suhan\.m2\repository\org\apache\commons\commons-lang3\3.11\commons-lang3-3.11.jar;C:\Users\suhan\.m2\repository\org\testng\testng\7.10.2\testng-7.10.2.jar;C:\Users\suhan\.m2\repository\org\slf4j\slf4j-api\1.7.36\slf4j-api-1.7.36.jar;C:\Users\suhan\.m2\repository\com\beust\jcommander\1.82\jcommander-1.82.jar;C:\Users\suhan\.m2\repository\org\webjars\jquery\3.7.1\jquery-3.7.1.jar;C:\Users\suhan\.m2\repository\org\hamcrest\hamcrest-library\2.2\hamcrest-library-2.2.jar;"/>
    <property name="java.vm.vendor" value="Eclipse Adoptium"/>
    <property name="sun.arch.data.model" value="64"/>
    <property name="user.variant" value=""/>
    <property name="java.vendor.url" value="https://adoptium.net/"/>
    <property name="user.timezone" value="America/New_York"/>
    <property name="os.name" value="Windows 11"/>
    <property name="java.vm.specification.version" value="21"/>
    <property name="sun.java.launcher" value="SUN_STANDARD"/>
    <property name="user.country" value="CA"/>
    <property name="sun.boot.library.path" value="C:\Users\suhan\Downloads\eclipse-java-2024-06-R-win32-x86_64\eclipse\plugins\org.eclipse.justj.openjdk.hotspot.jre.full.win32.x86_64_21.0.3.v20240426-1530\jre\bin"/>
    <property name="sun.java.command" value="C:\Users\suhan\AppData\Local\Temp\surefire2306152646528042984\surefirebooter-20250320223307347_3.jar C:\Users\suhan\AppData\Local\Temp\surefire2306152646528042984 2025-03-20T22-33-07_095-jvmRun1 surefire-20250320223307347_1tmp surefire_0-20250320223307347_2tmp"/>
    <property name="jdk.debug" value="release"/>
    <property name="surefire.test.class.path" value="C:\rest\RestAssuredTest\target\test-classes;C:\rest\RestAssuredTest\target\classes;C:\Users\suhan\.m2\repository\junit\junit\4.13.2\junit-4.13.2.jar;C:\Users\suhan\.m2\repository\org\hamcrest\hamcrest-core\1.3\hamcrest-core-1.3.jar;C:\Users\suhan\.m2\repository\io\rest-assured\rest-assured\5.3.1\rest-assured-5.3.1.jar;C:\Users\suhan\.m2\repository\org\apache\groovy\groovy\4.0.11\groovy-4.0.11.jar;C:\Users\suhan\.m2\repository\org\apache\groovy\groovy-xml\4.0.11\groovy-xml-4.0.11.jar;C:\Users\suhan\.m2\repository\org\apache\httpcomponents\httpclient\4.5.13\httpclient-4.5.13.jar;C:\Users\suhan\.m2\repository\org\apache\httpcomponents\httpcore\4.4.13\httpcore-4.4.13.jar;C:\Users\suhan\.m2\repository\commons-logging\commons-logging\1.2\commons-logging-1.2.jar;C:\Users\suhan\.m2\repository\commons-codec\commons-codec\1.11\commons-codec-1.11.jar;C:\Users\suhan\.m2\repository\org\apache\httpcomponents\httpmime\4.5.13\httpmime-4.5.13.jar;C:\Users\suhan\.m2\repository\org\hamcrest\hamcrest\2.2\hamcrest-2.2.jar;C:\Users\suhan\.m2\repository\org\ccil\cowan\tagsoup\tagsoup\1.2.1\tagsoup-1.2.1.jar;C:\Users\suhan\.m2\repository\io\rest-assured\json-path\5.3.1\json-path-5.3.1.jar;C:\Users\suhan\.m2\repository\org\apache\groovy\groovy-json\4.0.11\groovy-json-4.0.11.jar;C:\Users\suhan\.m2\repository\io\rest-assured\rest-assured-common\5.3.1\rest-assured-common-5.3.1.jar;C:\Users\suhan\.m2\repository\io\rest-assured\xml-path\5.3.1\xml-path-5.3.1.jar;C:\Users\suhan\.m2\repository\org\apache\commons\commons-lang3\3.11\commons-lang3-3.11.jar;C:\Users\suhan\.m2\repository\org\testng\testng\7.10.2\testng-7.10.2.jar;C:\Users\suhan\.m2\repository\org\slf4j\slf4j-api\1.7.36\slf4j-api-1.7.36.jar;C:\Users\suhan\.m2\repository\com\beust\jcommander\1.82\jcommander-1.82.jar;C:\Users\suhan\.m2\repository\org\webjars\jquery\3.7.1\jquery-3.7.1.jar;C:\Users\suhan\.m2\repository\org\hamcrest\hamcrest-library\2.2\hamcrest-library-2.2.jar;"/>
    <property name="sun.cpu.endian" value="little"/>
    <property name="user.home" value="C:\Users\suhan"/>
    <property name="user.language" value="en"/>
    <property name="java.specification.vendor" value="Oracle Corporation"/>
    <property name="java.version.date" value="2024-04-16"/>
    <property name="java.home" value="C:\Users\suhan\Downloads\eclipse-java-2024-06-R-win32-x86_64\eclipse\plugins\org.eclipse.justj.openjdk.hotspot.jre.full.win32.x86_64_21.0.3.v20240426-1530\jre"/>
    <property name="file.separator" value="\"/>
    <property name="basedir" value="C:\rest\RestAssuredTest"/>
    <property name="style.color" value="always"/>
    <property name="java.vm.compressedOopsMode" value="32-bit"/>
    <property name="line.separator" value="&#10;"/>
    <property name="java.vm.specification.vendor" value="Oracle Corporation"/>
    <property name="java.specification.name" value="Java Platform API Specification"/>
    <property name="surefire.real.class.path" value="C:\Users\suhan\AppData\Local\Temp\surefire2306152646528042984\surefirebooter-20250320223307347_3.jar"/>
    <property name="user.script" value=""/>
    <property name="sun.management.compiler" value="HotSpot 64-Bit Tiered Compilers"/>
    <property name="java.runtime.version" value="21.0.3+9-LTS"/>
    <property name="user.name" value="suhan"/>
    <property name="stdout.encoding" value="Cp1252"/>
    <property name="path.separator" value=";"/>
    <property name="os.version" value="10.0"/>
    <property name="java.runtime.name" value="OpenJDK Runtime Environment"/>
    <property name="file.encoding" value="UTF-8"/>
    <property name="java.vm.name" value="OpenJDK 64-Bit Server VM"/>
    <property name="java.vendor.version" value="Temurin-21.0.3+9"/>
    <property name="localRepository" value="C:\Users\suhan\.m2\repository"/>
    <property name="java.vendor.url.bug" value="https://github.com/adoptium/adoptium-support/issues"/>
    <property name="java.io.tmpdir" value="C:\Users\suhan\AppData\Local\Temp\"/>
    <property name="java.version" value="21.0.3"/>
    <property name="user.dir" value="C:\rest\RestAssuredTest"/>
    <property name="os.arch" value="amd64"/>
    <property name="java.vm.specification.name" value="Java Virtual Machine Specification"/>
    <property name="sun.os.patch.level" value=""/>
    <property name="native.encoding" value="Cp1252"/>
    <property name="java.library.path" value="C:\Users\suhan\Downloads\eclipse-java-2024-06-R-win32-x86_64\eclipse\plugins\org.eclipse.justj.openjdk.hotspot.jre.full.win32.x86_64_21.0.3.v20240426-1530\jre\bin;C:\WINDOWS\Sun\Java\bin;C:\WINDOWS\system32;C:\WINDOWS;C:\Program Files\Common Files\Oracle\Java\javapath;C:\Program Files\Amazon Corretto\jdk17.0.6_10\bin;C:\Program Files (x86)\Common Files\Intel\Shared Libraries\redist\intel64\compiler;C:\Program Files\Python310\Scripts\;C:\Program Files\Python310\;&quot;C:\Windows\system32;&quot;;C:\Windows\system32;C:\Windows;C:\Windows\System32\Wbem;C:\Windows\System32\WindowsPowerShell\v1.0\;C:\Windows\System32\OpenSSH\;C:\Program Files (x86)\NVIDIA Corporation\PhysX\Common;C:\WINDOWS\system32;C:\WINDOWS;C:\WINDOWS\System32\Wbem;C:\WINDOWS\System32\WindowsPowerShell\v1.0\;C:\WINDOWS\System32\OpenSSH\;C:\Program Files\NVIDIA Corporation\NVIDIA NvDLISR;C:\sqlite3;C:\WINDOWS\system32;C:\WINDOWS;C:\WINDOWS\System32\Wbem;C:\WINDOWS\System32\WindowsPowerShell\v1.0\;C:\WINDOWS\System32\OpenSSH\;C:\Program Files\MySQL\MySQL Server 8.0\bin;C:\Program Files\dotnet\;C:\Program Files\Java\jdk-22\bin;C:\Program Files\Java\jdk-21\bin;C:\Program Files\Git\cmd;C:\Users\suhan\Downloads\apache-maven-3.9.8-bin\apache-maven-3.9.8\bin;C:\Program Files\MySQL\MySQL Shell 8.0\bin\;C:\Users\suhan\AppData\Local\Microsoft\WindowsApps;C:\Users\suhan\Downloads;C:\Program Files\JetBrains\IntelliJ IDEA Community Edition 2022.2.2\bin;C:\Program Files\Java\jdk-22\bin;;C:\Users\suhan\.dotnet\tools;C:\Users\suhan\AppData\Local\Programs\Microsoft VS Code\bin;;."/>
    <property name="java.vm.info" value="mixed mode"/>
    <property name="stderr.encoding" value="Cp1252"/>
    <property name="java.vendor" value="Eclipse Adoptium"/>
    <property name="java.vm.version" value="21.0.3+9-LTS"/>
    <property name="sun.io.unicode.encoding" value="UnicodeLittle"/>
    <property name="java.class.version" value="65.0"/>
  </properties>
  <testcase name="testBookNotFound" classname="com.rest.test.MainTest" time="1.024">
    <system-out><![CDATA[HTTP/1.1 404 
Set-Cookie: JSESSIONID=821BA5D9013ADF1630E96705CC183A1F; Path=/; HttpOnly
X-Content-Type-Options: nosniff
X-XSS-Protection: 1; mode=block
Cache-Control: no-cache, no-store, max-age=0, must-revalidate
Pragma: no-cache
Expires: 0
X-Frame-Options: DENY
Content-Type: application/json;charset=UTF-8
Transfer-Encoding: chunked
Date: Fri, 21 Mar 2025 02:33:11 GMT

{
    "timestamp": "2025-03-21T02:33:11.377+0000",
    "status": 404,
    "error": "Not Found",
    "message": "Book id not found : 9999",
    "path": "/books/9999"
}
]]></system-out>
    <system-err><![CDATA[SLF4J: Failed to load class "org.slf4j.impl.StaticLoggerBinder".
SLF4J: Defaulting to no-operation (NOP) logger implementation
SLF4J: See http://www.slf4j.org/codes.html#StaticLoggerBinder for further details.
]]></system-err>
  </testcase>
  <testcase name="testCreateBook" classname="com.rest.test.MainTest" time="0.64">
    <system-out><![CDATA[HTTP/1.1 201 
Set-Cookie: JSESSIONID=FC983A2B8C76D7E73ABBBE147F442EB4; Path=/; HttpOnly
X-Content-Type-Options: nosniff
X-XSS-Protection: 1; mode=block
Cache-Control: no-cache, no-store, max-age=0, must-revalidate
Pragma: no-cache
Expires: 0
X-Frame-Options: DENY
Content-Type: application/json;charset=UTF-8
Transfer-Encoding: chunked
Date: Fri, 21 Mar 2025 02:33:11 GMT

{
    "id": 13,
    "name": "A to the Bodhisattva Way of Life",
    "author": "Santideva",
    "price": 15.41
}
]]></system-out>
  </testcase>
  <testcase name="testCreateBookWithInvalidPrice" classname="com.rest.test.MainTest" time="0.083">
    <system-out><![CDATA[HTTP/1.1 400 
Set-Cookie: JSESSIONID=2CEDFF9DBD8E96F0D92C2D2BDA6C91D6; Path=/; HttpOnly
X-Content-Type-Options: nosniff
X-XSS-Protection: 1; mode=block
Cache-Control: no-cache, no-store, max-age=0, must-revalidate
Pragma: no-cache
Expires: 0
X-Frame-Options: DENY
Content-Type: application/json;charset=UTF-8
Transfer-Encoding: chunked
Date: Fri, 21 Mar 2025 02:33:11 GMT
Connection: close

{
    "timestamp": "2025-03-21T02:33:12.228+0000",
    "status": 400,
    "errors": [
        "must be greater than or equal to 1.00"
    ]
}
]]></system-out>
  </testcase>
  <testcase name="testCreateBookWithMissingName" classname="com.rest.test.MainTest" time="0.085">
    <system-out><![CDATA[HTTP/1.1 400 
Set-Cookie: JSESSIONID=CE3B29FA8DCDCC20D3F580F2C687AA2D; Path=/; HttpOnly
X-Content-Type-Options: nosniff
X-XSS-Protection: 1; mode=block
Cache-Control: no-cache, no-store, max-age=0, must-revalidate
Pragma: no-cache
Expires: 0
X-Frame-Options: DENY
Content-Type: application/json;charset=UTF-8
Transfer-Encoding: chunked
Date: Fri, 21 Mar 2025 02:33:12 GMT
Connection: close

{
    "timestamp": "2025-03-21T02:33:12.312+0000",
    "status": 400,
    "errors": [
        "Please provide a name",
        "Author is not allowed."
    ]
}
]]></system-out>
  </testcase>
  <testcase name="testGetAllBooks" classname="com.rest.test.MainTest" time="0.107">
    <system-out><![CDATA[HTTP/1.1 200 
Set-Cookie: JSESSIONID=3A686FF606BD1A69B9ACE5AE35C9260D; Path=/; HttpOnly
X-Content-Type-Options: nosniff
X-XSS-Protection: 1; mode=block
Cache-Control: no-cache, no-store, max-age=0, must-revalidate
Pragma: no-cache
Expires: 0
X-Frame-Options: DENY
Content-Type: application/json;charset=UTF-8
Transfer-Encoding: chunked
Date: Fri, 21 Mar 2025 02:33:12 GMT

[
    {
        "id": 1,
        "name": "A to the Bodhisattva Way of Life",
        "author": "Santideva",
        "price": 20.00
    },
    {
        "id": 3,
        "name": "Refactoring: Improving the Design of Existing Code",
        "author": "Martin Fowler",
        "price": 47.99
    },
    {
        "id": 4,
        "name": "A to the Bodhisattva Way of Life",
        "author": "Santideva",
        "price": 15.41
    },
    {
        "id": 5,
        "name": "A to the Bodhisattva Way of Life",
        "author": "Santideva",
        "price": 15.41
    },
    {
        "id": 6,
        "name": "A to the Bodhisattva Way of Life",
        "author": "Santideva",
        "price": 15.41
    },
    {
        "id": 7,
        "name": "A to the Bodhisattva Way of Life",
        "author": "Santideva",
        "price": 15.41
    },
    {
        "id": 8,
        "name": "A to the Bodhisattva Way of Life",
        "author": "Santideva",
        "price": 15.41
    },
    {
        "id": 9,
        "name": "A to the Bodhisattva Way of Life",
        "author": "Santideva",
        "price": 15.41
    },
    {
        "id": 10,
        "name": "A to the Bodhisattva Way of Life",
        "author": "Santideva",
        "price": 15.41
    },
    {
        "id": 11,
        "name": "A to the Bodhisattva Way of Life",
        "author": "Santideva",
        "price": 15.41
    },
    {
        "id": 12,
        "name": "A to the Bodhisattva Way of Life",
        "author": "Santideva",
        "price": 15.41
    },
    {
        "id": 13,
        "name": "A to the Bodhisattva Way of Life",
        "author": "Santideva",
        "price": 15.41
    }
]
]]></system-out>
  </testcase>
  <testcase name="testGetBookById" classname="com.rest.test.MainTest" time="0.082">
    <system-out><![CDATA[HTTP/1.1 200 
Set-Cookie: JSESSIONID=E0DC6D0D30B3C009FDB9BFAB1AEF03F2; Path=/; HttpOnly
X-Content-Type-Options: nosniff
X-XSS-Protection: 1; mode=block
Cache-Control: no-cache, no-store, max-age=0, must-revalidate
Pragma: no-cache
Expires: 0
X-Frame-Options: DENY
Content-Type: application/json;charset=UTF-8
Transfer-Encoding: chunked
Date: Fri, 21 Mar 2025 02:33:12 GMT

{
    "id": 1,
    "name": "A to the Bodhisattva Way of Life",
    "author": "Santideva",
    "price": 20.00
}
]]></system-out>
  </testcase>
  <testcase name="testGetBooksByPriceRange" classname="com.rest.test.MainTest" time="0.14">
    <system-out><![CDATA[HTTP/1.1 200 
Set-Cookie: JSESSIONID=381B21A952D0120F97A1E92583DE1170; Path=/; HttpOnly
X-Content-Type-Options: nosniff
X-XSS-Protection: 1; mode=block
Cache-Control: no-cache, no-store, max-age=0, must-revalidate
Pragma: no-cache
Expires: 0
X-Frame-Options: DENY
Content-Type: application/json;charset=UTF-8
Transfer-Encoding: chunked
Date: Fri, 21 Mar 2025 02:33:12 GMT

[
    {
        "id": 1,
        "name": "A to the Bodhisattva Way of Life",
        "author": "Santideva",
        "price": 20.00
    },
    {
        "id": 3,
        "name": "Refactoring: Improving the Design of Existing Code",
        "author": "Martin Fowler",
        "price": 47.99
    },
    {
        "id": 4,
        "name": "A to the Bodhisattva Way of Life",
        "author": "Santideva",
        "price": 15.41
    },
    {
        "id": 5,
        "name": "A to the Bodhisattva Way of Life",
        "author": "Santideva",
        "price": 15.41
    },
    {
        "id": 6,
        "name": "A to the Bodhisattva Way of Life",
        "author": "Santideva",
        "price": 15.41
    },
    {
        "id": 7,
        "name": "A to the Bodhisattva Way of Life",
        "author": "Santideva",
        "price": 15.41
    },
    {
        "id": 8,
        "name": "A to the Bodhisattva Way of Life",
        "author": "Santideva",
        "price": 15.41
    },
    {
        "id": 9,
        "name": "A to the Bodhisattva Way of Life",
        "author": "Santideva",
        "price": 15.41
    },
    {
        "id": 10,
        "name": "A to the Bodhisattva Way of Life",
        "author": "Santideva",
        "price": 15.41
    },
    {
        "id": 11,
        "name": "A to the Bodhisattva Way of Life",
        "author": "Santideva",
        "price": 15.41
    },
    {
        "id": 12,
        "name": "A to the Bodhisattva Way of Life",
        "author": "Santideva",
        "price": 15.41
    },
    {
        "id": 13,
        "name": "A to the Bodhisattva Way of Life",
        "author": "Santideva",
        "price": 15.41
    }
]
]]></system-out>
  </testcase>
  <testcase name="testGetBooksSortedByName" classname="com.rest.test.MainTest" time="0.102">
    <system-out><![CDATA[HTTP/1.1 200 
Set-Cookie: JSESSIONID=A2C1FCB2BD1C3378A30F0A3A0CC1774B; Path=/; HttpOnly
X-Content-Type-Options: nosniff
X-XSS-Protection: 1; mode=block
Cache-Control: no-cache, no-store, max-age=0, must-revalidate
Pragma: no-cache
Expires: 0
X-Frame-Options: DENY
Content-Type: application/json;charset=UTF-8
Transfer-Encoding: chunked
Date: Fri, 21 Mar 2025 02:33:12 GMT

[
    {
        "id": 1,
        "name": "A to the Bodhisattva Way of Life",
        "author": "Santideva",
        "price": 20.00
    },
    {
        "id": 3,
        "name": "Refactoring: Improving the Design of Existing Code",
        "author": "Martin Fowler",
        "price": 47.99
    },
    {
        "id": 4,
        "name": "A to the Bodhisattva Way of Life",
        "author": "Santideva",
        "price": 15.41
    },
    {
        "id": 5,
        "name": "A to the Bodhisattva Way of Life",
        "author": "Santideva",
        "price": 15.41
    },
    {
        "id": 6,
        "name": "A to the Bodhisattva Way of Life",
        "author": "Santideva",
        "price": 15.41
    },
    {
        "id": 7,
        "name": "A to the Bodhisattva Way of Life",
        "author": "Santideva",
        "price": 15.41
    },
    {
        "id": 8,
        "name": "A to the Bodhisattva Way of Life",
        "author": "Santideva",
        "price": 15.41
    },
    {
        "id": 9,
        "name": "A to the Bodhisattva Way of Life",
        "author": "Santideva",
        "price": 15.41
    },
    {
        "id": 10,
        "name": "A to the Bodhisattva Way of Life",
        "author": "Santideva",
        "price": 15.41
    },
    {
        "id": 11,
        "name": "A to the Bodhisattva Way of Life",
        "author": "Santideva",
        "price": 15.41
    },
    {
        "id": 12,
        "name": "A to the Bodhisattva Way of Life",
        "author": "Santideva",
        "price": 15.41
    },
    {
        "id": 13,
        "name": "A to the Bodhisattva Way of Life",
        "author": "Santideva",
        "price": 15.41
    }
]
]]></system-out>
  </testcase>
  <testcase name="testUpdateBook" classname="com.rest.test.MainTest" time="0.092">
    <system-out><![CDATA[HTTP/1.1 200 
Set-Cookie: JSESSIONID=EE63C3BB9406FBB088BB85B0AD8EBF84; Path=/; HttpOnly
X-Content-Type-Options: nosniff
X-XSS-Protection: 1; mode=block
Cache-Control: no-cache, no-store, max-age=0, must-revalidate
Pragma: no-cache
Expires: 0
X-Frame-Options: DENY
Content-Type: application/json;charset=UTF-8
Transfer-Encoding: chunked
Date: Fri, 21 Mar 2025 02:33:12 GMT

{
    "id": 1,
    "name": "A to the Bodhisattva Way of Life",
    "author": "Santideva",
    "price": 20.00
}
]]></system-out>
  </testcase>
  <testcase name="verifyStatusCode" classname="com.rest.test.MainTest" time="0.083">
    <system-out><![CDATA[HTTP/1.1 200 
Set-Cookie: JSESSIONID=45D780091A9A8B88C506737F7734B3E3; Path=/; HttpOnly
X-Content-Type-Options: nosniff
X-XSS-Protection: 1; mode=block
Cache-Control: no-cache, no-store, max-age=0, must-revalidate
Pragma: no-cache
Expires: 0
X-Frame-Options: DENY
Content-Type: application/json;charset=UTF-8
Transfer-Encoding: chunked
Date: Fri, 21 Mar 2025 02:33:12 GMT

[
    {
        "id": 1,
        "name": "A to the Bodhisattva Way of Life",
        "author": "Santideva",
        "price": 20.00
    },
    {
        "id": 3,
        "name": "Refactoring: Improving the Design of Existing Code",
        "author": "Martin Fowler",
        "price": 47.99
    },
    {
        "id": 4,
        "name": "A to the Bodhisattva Way of Life",
        "author": "Santideva",
        "price": 15.41
    },
    {
        "id": 5,
        "name": "A to the Bodhisattva Way of Life",
        "author": "Santideva",
        "price": 15.41
    },
    {
        "id": 6,
        "name": "A to the Bodhisattva Way of Life",
        "author": "Santideva",
        "price": 15.41
    },
    {
        "id": 7,
        "name": "A to the Bodhisattva Way of Life",
        "author": "Santideva",
        "price": 15.41
    },
    {
        "id": 8,
        "name": "A to the Bodhisattva Way of Life",
        "author": "Santideva",
        "price": 15.41
    },
    {
        "id": 9,
        "name": "A to the Bodhisattva Way of Life",
        "author": "Santideva",
        "price": 15.41
    },
    {
        "id": 10,
        "name": "A to the Bodhisattva Way of Life",
        "author": "Santideva",
        "price": 15.41
    },
    {
        "id": 11,
        "name": "A to the Bodhisattva Way of Life",
        "author": "Santideva",
        "price": 15.41
    },
    {
        "id": 12,
        "name": "A to the Bodhisattva Way of Life",
        "author": "Santideva",
        "price": 15.41
    },
    {
        "id": 13,
        "name": "A to the Bodhisattva Way of Life",
        "author": "Santideva",
        "price": 15.41
    }
]
]]></system-out>
  </testcase>
</testsuite>