<?xml version="1.0" encoding="UTF-8"?>
<!-- Generated by org.testng.reporters.JUnitReportReporter -->
<testsuite hostname="Suhana-Pokhrel" failures="0" tests="10" name="com.rest.test.MainTest" time="2.431" errors="0" timestamp="2025-03-20T22:33:13 EDT" skipped="0">
  <testcase classname="com.rest.test.MainTest" name="testCreateBook" time="0.641"/>
  <testcase classname="com.rest.test.MainTest" name="verifyStatusCode" time="0.083"/>
  <testcase classname="com.rest.test.MainTest" name="testCreateBookWithMissingName" time="0.084"/>
  <testcase classname="com.rest.test.MainTest" name="testBookNotFound" time="1.023"/>
  <testcase classname="com.rest.test.MainTest" name="testGetAllBooks" time="0.105"/>
  <testcase classname="com.rest.test.MainTest" name="testUpdateBook" time="0.091"/>
  <testcase classname="com.rest.test.MainTest" name="testGetBooksSortedByName" time="0.101"/>
  <testcase classname="com.rest.test.MainTest" name="testGetBooksByPriceRange" time="0.139"/>
  <testcase classname="com.rest.test.MainTest" name="testGetBookById" time="0.082"/>
  <testcase classname="com.rest.test.MainTest" name="testCreateBookWithInvalidPrice" time="0.082"/>
</testsuite> <!-- com.rest.test.MainTest -->
